<?xml version="1.0" encoding="UTF-8"?>
<!-- Generated by org.testng.reporters.JUnitReportReporter -->
<testsuite skipped="0" hostname="User-PC" name="APITesting.com.org.api.WheatherGetRequests" tests="1" failures="0" timestamp="06 Dec 2017 14:11:08 GMT" time="5.080" errors="0">
  <testcase name="test_10" time="5.080" classname="APITesting.com.org.api.WheatherGetRequests"/>
</testsuite> <!-- APITesting.com.org.api.WheatherGetRequests -->
