<?xml version="1.0" encoding="UTF-8"?>
<!-- Generated by org.testng.reporters.JUnitReportReporter -->
<testsuite skipped="0" hostname="User-PC" name="APITesting.com.org.api.RohitRequest" tests="2" failures="0" timestamp="08 Jan 2018 16:34:19 GMT" time="5.024" errors="0">
  <testcase name="test_1" time="4.774" classname="APITesting.com.org.api.RohitRequest"/>
  <testcase name="test_2" time="0.250" classname="APITesting.com.org.api.RohitRequest"/>
</testsuite> <!-- APITesting.com.org.api.RohitRequest -->
